# JRE version: Java(TM) SE Runtime Environment (8.0_40-b26) (build 1.8.0_40-b26)
# Java VM: Java HotSpot(TM) 64-Bit Server VM (25.40-b25 mixed mode windows-amd64 compressed oops)
Heap:
 PSYoungGen      total 280576K, used 279552K [0x00000000eab00000, 0x00000000fe900000, 0x0000000100000000)
  eden space 279552K, 100% used [0x00000000eab00000,0x00000000fbc00000,0x00000000fbc00000)
  from space 1024K, 0% used [0x00000000fbc00000,0x00000000fbc00000,0x00000000fbd00000)
  to   space 23040K, 76% used [0x00000000fd280000,0x00000000fe3b13c8,0x00000000fe900000)
 ParOldGen       total 179200K, used 40431K [0x00000000c0000000, 0x00000000caf00000, 0x00000000eab00000)
  object space 179200K, 22% used [0x00000000c0000000,0x00000000c277bea0,0x00000000caf00000)
 Metaspace       used 56575K, capacity 63106K, committed 63360K, reserved 1103872K
  class space    used 7464K, capacity 9313K, committed 9344K, reserved 1048576K
GC Heap History (10 events):
Event: 16063.938 GC heap after
Heap after GC invocations=61 (full 24):
 PSYoungGen      total 290816K, used 1703K [0x00000000eab00000, 0x00000000ff700000, 0x0000000100000000)
  eden space 288768K, 0% used [0x00000000eab00000,0x00000000eab00000,0x00000000fc500000)
  from space 2048K, 83% used [0x00000000fc500000,0x00000000fc6a9e30,0x00000000fc700000)
  to   space 25600K, 0% used [0x00000000fde00000,0x00000000fde00000,0x00000000ff700000)
 ParOldGen       total 179200K, used 41103K [0x00000000c0000000, 0x00000000caf00000, 0x00000000eab00000)
  object space 179200K, 22% used [0x00000000c0000000,0x00000000c2823f80,0x00000000caf00000)
 Metaspace       used 55728K, capacity 61274K, committed 62464K, reserved 1101824K
  class space    used 7320K, capacity 8981K, committed 9216K, reserved 1048576K
}
Event: 16063.938 GC heap before
{Heap before GC invocations=62 (full 25):
 PSYoungGen      total 290816K, used 1703K [0x00000000eab00000, 0x00000000ff700000, 0x0000000100000000)
  eden space 288768K, 0% used [0x00000000eab00000,0x00000000eab00000,0x00000000fc500000)
  from space 2048K, 83% used [0x00000000fc500000,0x00000000fc6a9e30,0x00000000fc700000)
  to   space 25600K, 0% used [0x00000000fde00000,0x00000000fde00000,0x00000000ff700000)
 ParOldGen       total 179200K, used 41103K [0x00000000c0000000, 0x00000000caf00000, 0x00000000eab00000)
  object space 179200K, 22% used [0x00000000c0000000,0x00000000c2823f80,0x00000000caf00000)
 Metaspace       used 55728K, capacity 61274K, committed 62464K, reserved 1101824K
  class space    used 7320K, capacity 8981K, committed 9216K, reserved 1048576K
Event: 16064.131 GC heap after
Heap after GC invocations=62 (full 25):
 PSYoungGen      total 290816K, used 0K [0x00000000eab00000, 0x00000000ff700000, 0x0000000100000000)
  eden space 288768K, 0% used [0x00000000eab00000,0x00000000eab00000,0x00000000fc500000)
  from space 2048K, 0% used [0x00000000fc500000,0x00000000fc500000,0x00000000fc700000)
  to   space 25600K, 0% used [0x00000000fde00000,0x00000000fde00000,0x00000000ff700000)
 ParOldGen       total 179200K, used 41115K [0x00000000c0000000, 0x00000000caf00000, 0x00000000eab00000)
  object space 179200K, 22% used [0x00000000c0000000,0x00000000c2826da0,0x00000000caf00000)
 Metaspace       used 55728K, capacity 61274K, committed 62464K, reserved 1101824K
  class space    used 7320K, capacity 8981K, committed 9216K, reserved 1048576K
}
Event: 16321.295 GC heap before
{Heap before GC invocations=63 (full 25):
 PSYoungGen      total 290816K, used 288768K [0x00000000eab00000, 0x00000000ff700000, 0x0000000100000000)
  eden space 288768K, 100% used [0x00000000eab00000,0x00000000fc500000,0x00000000fc500000)
  from space 2048K, 0% used [0x00000000fc500000,0x00000000fc500000,0x00000000fc700000)
  to   space 25600K, 0% used [0x00000000fde00000,0x00000000fde00000,0x00000000ff700000)
 ParOldGen       total 179200K, used 41115K [0x00000000c0000000, 0x00000000caf00000, 0x00000000eab00000)
  object space 179200K, 22% used [0x00000000c0000000,0x00000000c2826da0,0x00000000caf00000)
 Metaspace       used 56078K, capacity 61948K, committed 62848K, reserved 1103872K
  class space    used 7372K, capacity 9112K, committed 9344K, reserved 1048576K
Event: 16321.302 GC heap after
Heap after GC invocations=63 (full 25):
 PSYoungGen      total 291840K, used 6724K [0x00000000eab00000, 0x00000000fea00000, 0x0000000100000000)
  eden space 279552K, 0% used [0x00000000eab00000,0x00000000eab00000,0x00000000fbc00000)
  from space 12288K, 54% used [0x00000000fde00000,0x00000000fe4912c0,0x00000000fea00000)
  to   space 23552K, 0% used [0x00000000fbc00000,0x00000000fbc00000,0x00000000fd300000)
 ParOldGen       total 179200K, used 41123K [0x00000000c0000000, 0x00000000caf00000, 0x00000000eab00000)
  object space 179200K, 22% used [0x00000000c0000000,0x00000000c2828da0,0x00000000caf00000)
 Metaspace       used 56078K, capacity 61948K, committed 62848K, reserved 1103872K
  class space    used 7372K, capacity 9112K, committed 9344K, reserved 1048576K
}
Event: 16323.541 GC heap before
{Heap before GC invocations=64 (full 25):
 PSYoungGen      total 291840K, used 22409K [0x00000000eab00000, 0x00000000fea00000, 0x0000000100000000)
  eden space 279552K, 5% used [0x00000000eab00000,0x00000000eba51208,0x00000000fbc00000)
  from space 12288K, 54% used [0x00000000fde00000,0x00000000fe4912c0,0x00000000fea00000)
  to   space 23552K, 0% used [0x00000000fbc00000,0x00000000fbc00000,0x00000000fd300000)
 ParOldGen       total 179200K, used 41123K [0x00000000c0000000, 0x00000000caf00000, 0x00000000eab00000)
  object space 179200K, 22% used [0x00000000c0000000,0x00000000c2828da0,0x00000000caf00000)
 Metaspace       used 56085K, capacity 61948K, committed 62848K, reserved 1103872K
  class space    used 7372K, capacity 9112K, committed 9344K, reserved 1048576K
Event: 16323.544 GC heap after
Heap after GC invocations=64 (full 25):
 PSYoungGen      total 280576K, used 928K [0x00000000eab00000, 0x00000000fe900000, 0x0000000100000000)
  eden space 279552K, 0% used [0x00000000eab00000,0x00000000eab00000,0x00000000fbc00000)
  from space 1024K, 90% used [0x00000000fbc00000,0x00000000fbce8020,0x00000000fbd00000)
  to   space 23040K, 0% used [0x00000000fd280000,0x00000000fd280000,0x00000000fe900000)
 ParOldGen       total 179200K, used 41131K [0x00000000c0000000, 0x00000000caf00000, 0x00000000eab00000)
  object space 179200K, 22% used [0x00000000c0000000,0x00000000c282ada0,0x00000000caf00000)
 Metaspace       used 56085K, capacity 61948K, committed 62848K, reserved 1103872K
  class space    used 7372K, capacity 9112K, committed 9344K, reserved 1048576K
}
Event: 16323.544 GC heap before
{Heap before GC invocations=65 (full 26):
 PSYoungGen      total 280576K, used 928K [0x00000000eab00000, 0x00000000fe900000, 0x0000000100000000)
  eden space 279552K, 0% used [0x00000000eab00000,0x00000000eab00000,0x00000000fbc00000)
  from space 1024K, 90% used [0x00000000fbc00000,0x00000000fbce8020,0x00000000fbd00000)
  to   space 23040K, 0% used [0x00000000fd280000,0x00000000fd280000,0x00000000fe900000)
 ParOldGen       total 179200K, used 41131K [0x00000000c0000000, 0x00000000caf00000, 0x00000000eab00000)
  object space 179200K, 22% used [0x00000000c0000000,0x00000000c282ada0,0x00000000caf00000)
 Metaspace       used 56085K, capacity 61948K, committed 62848K, reserved 1103872K
  class space    used 7372K, capacity 9112K, committed 9344K, reserved 1048576K
Event: 16323.741 GC heap after
Heap after GC invocations=65 (full 26):
 PSYoungGen      total 280576K, used 0K [0x00000000eab00000, 0x00000000fe900000, 0x0000000100000000)
  eden space 279552K, 0% used [0x00000000eab00000,0x00000000eab00000,0x00000000fbc00000)
  from space 1024K, 0% used [0x00000000fbc00000,0x00000000fbc00000,0x00000000fbd00000)
  to   space 23040K, 0% used [0x00000000fd280000,0x00000000fd280000,0x00000000fe900000)
 ParOldGen       total 179200K, used 40423K [0x00000000c0000000, 0x00000000caf00000, 0x00000000eab00000)
  object space 179200K, 22% used [0x00000000c0000000,0x00000000c2779ea0,0x00000000caf00000)
 Metaspace       used 56085K, capacity 61948K, committed 62848K, reserved 1103872K
  class space    used 7372K, capacity 9112K, committed 9344K, reserved 1048576K
}
Event: 17072.882 GC heap before
{Heap before GC invocations=66 (full 26):
 PSYoungGen      total 280576K, used 279552K [0x00000000eab00000, 0x00000000fe900000, 0x0000000100000000)
  eden space 279552K, 100% used [0x00000000eab00000,0x00000000fbc00000,0x00000000fbc00000)
  from space 1024K, 0% used [0x00000000fbc00000,0x00000000fbc00000,0x00000000fbd00000)
  to   space 23040K, 0% used [0x00000000fd280000,0x00000000fd280000,0x00000000fe900000)
 ParOldGen       total 179200K, used 40423K [0x00000000c0000000, 0x00000000caf00000, 0x00000000eab00000)
  object space 179200K, 22% used [0x00000000c0000000,0x00000000c2779ea0,0x00000000caf00000)
 Metaspace       used 56575K, capacity 63106K, committed 63360K, reserved 1103872K
  class space    used 7464K, capacity 9313K, committed 9344K, reserved 1048576K

